11:10:50 **** Incremental Build of configuration Debug for project Test ****
make all 
Building file: ../src/Test.c
Invoking: GCC C Compiler
gcc -O0 -g3 -Wall -c -fmessage-length=0 -MMD -MP -MF"src/Test.d" -MT"src/Test.d" -o "src/Test.o" "../src/Test.c"
Finished building: ../src/Test.c
 
Building target: Test
Invoking: GCC C Linker
gcc  -o "Test"  ./src/Test.o   
Finished building target: Test
 
11:10:52 **** Incremental Build of configuration Debug for project Test ****
make all 
make: Nothing to be done for 'all'.
11:10:55 **** Incremental Build of configuration Debug for project Test ****
make all 
make: Nothing to be done for 'all'.
11:10:57 **** Incremental Build of configuration Debug for project Test ****
make all 
make: Nothing to be done for 'all'.
11:10:58 **** Incremental Build of configuration Debug for project Test ****
make all 
make: Nothing to be done for 'all'.
11:10:59 **** Incremental Build of configuration Debug for project Test ****
make all 
make: Nothing to be done for 'all'.
11:11:00 **** Incremental Build of configuration Debug for project Test ****
make all 
make: Nothing to be done for 'all'.
11:11:01 **** Incremental Build of configuration Debug for project Test ****
make all 
make: Nothing to be done for 'all'.
11:12:04 **** Incremental Build of configuration Debug for project Test ****
make all 
Building file: ../src/Test.c
Invoking: GCC C Compiler
gcc -O0 -g3 -Wall -c -fmessage-length=0 -MMD -MP -MF"src/Test.d" -MT"src/Test.d" -o "src/Test.o" "../src/Test.c"
Finished building: ../src/Test.c
 
Building target: Test
Invoking: GCC C Linker
gcc  -o "Test"  ./src/Test.o   
Finished building target: Test
 
11:12:15 **** Incremental Build of configuration Debug for project Test ****
make all 
make: Nothing to be done for 'all'.
11:12:16 **** Incremental Build of configuration Debug for project Test ****
make all 
make: Nothing to be done for 'all'.
